 ph         7.4
GLU A0005 -1.00
GLU A0006 -1.00
ARG A0007  1.00
HIS A0008  0.09
LYS A0010  1.00
TYR A0011 -0.00
LYS A0017  1.00
GLU A0024 -1.00
CYS A0026  0.00
ARG A0027  1.00
TYR A0028 -0.00
ASP A0029 -1.00
ASP A0033 -1.00
LYS A0042  1.00
HIS A0046  0.23
ASP A0050 -1.00
ARG A0053  1.00
ASP A0054 -1.00
ARG A0057  1.00
GLU A0058 -1.00
LYS A0063  1.00
HIS A0066  0.25
ASP A0068 -1.00
LYS A0072  1.00
TYR A0073 -0.00
ARG A0074  1.00
TYR A0078 -0.00
ARG A0082  1.00
ARG A0086  1.00
GLU A0090 -1.00
TYR A0091 -0.00
CYS A0096 -0.00
ARG A0098  1.00
ASP A0099 -1.00
ARG A0103  1.00
HIS A0104  0.01
ARG A0105  1.00
ARG A0107  1.00
ASP A0109 -1.00
ARG A0112  1.00
TYR A0116  0.00
CYS A0121  0.00
LYS A0122  1.00
GLU A0125 -1.00
TYR A0126 -0.00
ARG A0130  1.00
ARG A0131  1.00
CYS A0132  0.00
HIS A0134  0.00
ARG A0135  1.00
ASP A0136 -1.00
ARG A0140  1.00
GLU A0145 -1.00
GLU A0147 -1.00
HIS A0149  0.24
LYS A0151  1.00
ASP A0154 -1.00
LYS A0159  0.99
ASP A0164 -1.00
LYS A0165  1.00
ASP A0166 -1.00
TYR A0167 -0.00
TYR A0168 -0.00
ARG A0171  1.00
GLU A0172 -1.00
TYR A0181  0.00
GLU A0184 -1.00
ASP A0188 -1.00
ARG A0193  1.00
ASP A0196 -1.00
TYR A0205  0.00
GLU A0206 -1.00
TYR A0210  0.00
CYS A0211  0.00
ASP A0212 -1.00
LYS A0213  1.00
CYS A0215 -0.00
GLU A0220 -1.00
ARG A0223  1.00
CYS A0227 -0.01
GLU A0228 -1.00
ARG A0229  1.00
ASP A0230 -1.00
ARG A0236  1.00
GLU A0239 -1.00
GLU A0242 -0.98
GLU A0243 -1.00
ARG A0246  1.00
CYS A0253  0.00
GLU A0256 -1.00
HIS A0258  0.00
GLU A0259 -1.00
LYS A0262  1.00
CYS A0264  0.00
ASP A0271 -1.00
ARG A0272  1.00
ASP A0283 -1.00

Tot Protn  -0.2
Tot Elec    0.0
Net crg    -0.2
