 ph         7.4
ARG A0007  1.00
LYS A0010  1.00
GLU A0011 -1.00
GLU A0013 -0.93
LYS A0015  1.00
LYS A0016  1.00
LYS A0018  1.00
TYR A0029 -0.00
LYS A0030  0.99
GLU A0036 -1.00
GLU A0038 -1.00
LYS A0039  1.00
LYS A0041  1.00
LYS A0047  1.00
GLU A0048 -1.00
ARG A0050  1.00
GLU A0051 -1.00
LYS A0056  1.00
LYS A0059  1.00
GLU A0060 -1.00
ASP A0063 -1.00
GLU A0064 -0.99
TYR A0066 -0.00
ASP A0072 -1.00
HIS A0075  0.01
CYS A0077 -0.00
ARG A0078  1.00
CYS A0083 -0.00
CYS A0099 -0.00
ASP A0102 -0.99
TYR A0103  0.00
ARG A0105  1.00
GLU A0106 -0.98
HIS A0107  0.39
LYS A0108  1.00
ASP A0109 -1.00
TYR A0115 -0.00
CYS A0120  0.00
LYS A0125  1.00
TYR A0129 -0.00
GLU A0131 -0.97
ASP A0132 -1.00
ARG A0133  1.00
ARG A0134  1.00
HIS A0137  0.00
ARG A0138  1.00
ASP A0139 -1.00
ARG A0143  1.00
LYS A0148  1.00
HIS A0152  0.28
LYS A0154  1.00
ASP A0157 -1.00
ARG A0160  1.00
LYS A0162  1.00
GLU A0167 -1.00
GLU A0168 -1.00
LYS A0169  1.00
GLU A0170 -1.00
TYR A0171 -0.01
HIS A0172  0.55
GLU A0174 -1.00
LYS A0177  1.00
LYS A0181  1.00
GLU A0186 -1.00
HIS A0190  0.10
ARG A0191  1.00
TYR A0193  0.00
HIS A0195  0.36
ASP A0198 -1.00
TYR A0202  0.00
GLU A0208 -0.99
LYS A0215  0.99
TYR A0217  0.00
ASP A0218 -1.00
GLU A0224 -1.00
GLU A0230 -0.99
LYS A0231  1.00
GLU A0233 -0.99
ARG A0234  1.00
CYS A0241  0.00
ASP A0244 -1.00
TYR A0246 -0.00
ARG A0250  1.00
LYS A0251  1.00
CYS A0252  0.00
ASP A0256 -1.00
ASP A0258 -1.00
ARG A0260  1.00
LYS A0262  1.00
ARG A0264  1.00
GLU A0265 -1.00
GLU A0269 -1.00
LYS A0272  1.00
ARG A0275  1.00
ASP A0276 -1.00
ARG A0279  1.00
TYR A0280 -0.00
ASP A0286 -1.00
GLU A0287 -1.00
ARG A0288  1.00
HIS A0290  0.60
ASP A0296 -1.00
TYR A0300 -0.00
ARG A0301  1.00
ASP A0305 -0.95
GLU A0306 -1.00
GLU A0307 -1.00
ASP A0308 -1.00
ASP A0310 -1.00
ASP A0311 -0.99
ASP A0314 -1.00
ASP A0316 -1.00

IRE B0001  1.00
Tot Protn  -1.5
Tot Elec    0.0
Net crg    -1.5
