 ph         7.4
GLU A0003 -1.00
ARG A0011  1.00
LYS A0014  1.00
GLU A0015 -1.00
GLU A0017 -1.00
LYS A0019  1.00
LYS A0020  1.00
LYS A0022  1.00
TYR A0033 -0.00
LYS A0034  0.99
GLU A0040 -1.00
GLU A0042 -1.00
LYS A0043  1.00
LYS A0045  1.00
LYS A0051  1.00
GLU A0052 -0.59
ARG A0054  1.00
GLU A0055 -1.00
LYS A0060  1.00
LYS A0063  1.00
GLU A0064 -1.00
ASP A0067 -1.00
GLU A0068 -1.00
TYR A0070 -0.00
ASP A0076 -1.00
HIS A0079  0.01
CYS A0081 -0.00
ARG A0082  1.00
CYS A0087 -0.00
CYS A0103 -0.02
ASP A0106 -1.00
TYR A0107 -0.00
ARG A0109  1.00
GLU A0110 -1.00
HIS A0111  0.69
LYS A0112  1.00
ASP A0113 -1.00
TYR A0119 -0.00
CYS A0124  0.00
LYS A0129  1.00
TYR A0133 -0.00
GLU A0135 -0.95
ASP A0136 -1.00
ARG A0137  1.00
ARG A0138  1.00
HIS A0141  0.00
ARG A0142  1.00
ASP A0143 -0.99
ARG A0147  1.00
LYS A0152  0.99
HIS A0156  0.01
LYS A0158  0.98
ASP A0161 -1.00
LYS A0166  1.00
GLU A0171 -1.00
GLU A0172 -1.00
LYS A0173  1.00
GLU A0174 -1.00
TYR A0175 -0.00
HIS A0176  0.10
GLU A0178 -1.00
LYS A0181  1.00
LYS A0185  1.00
GLU A0190 -1.00
HIS A0194  0.37
ARG A0195  1.00
TYR A0197 -0.00
HIS A0199  0.04
ASP A0202 -1.00
TYR A0206  0.00
GLU A0212 -1.00
LYS A0219  1.00
TYR A0221  0.00
ASP A0222 -1.00
GLU A0228 -1.00
GLU A0234 -0.98
LYS A0235  1.00
GLU A0237 -1.00
ARG A0238  1.00
CYS A0245  0.00
ASP A0248 -1.00
TYR A0250  0.00
LYS A0255  1.00
CYS A0256  0.00
ASP A0260 -1.00
ASP A0262 -1.00
ARG A0264  1.00
LYS A0266  1.00
ARG A0268  1.00
GLU A0269 -1.00
GLU A0273 -1.00
LYS A0276  1.00
ARG A0279  1.00
ASP A0280 -1.00
ARG A0283  1.00
TYR A0284 -0.00
ASP A0290 -1.00
GLU A0291 -1.00
ARG A0292  1.00
HIS A0294  0.17
ASP A0300 -1.00
TYR A0304 -0.00
ARG A0305  1.00
ASP A0309 -1.00
GLU A0310 -1.00
GLU A0311 -1.00
ASP A0312 -1.00
ASP A0314 -1.00
ASP A0315 -0.99
ASP A0318 -0.98
ASP A0320 -1.00
GLU A0321 -1.00
TYR A0322 -0.00

0WN B0001  1.00
Tot Protn  -6.2
Tot Elec    0.0
Net crg    -5.2
