 ph         7.4
ASP A0002 -1.00
LYS A0003  1.00
GLU A0005 -1.00
GLU A0007 -1.00
ARG A0008  1.00
ASP A0010 -1.00
LYS A0014  1.00
HIS A0015  0.59
LYS A0016  1.00
TYR A0022 -0.00
GLU A0024 -1.00
TYR A0026 -0.00
GLU A0027 -0.97
LYS A0031  1.00
LYS A0032  1.00
TYR A0033 -0.00
LYS A0040  1.00
LYS A0043  1.00
GLU A0044 -1.00
ASP A0045 -1.00
GLU A0048 -1.00
GLU A0050 -1.00
GLU A0051 -1.00
LYS A0054  1.00
GLU A0055 -1.00
LYS A0060  1.00
GLU A0061 -1.00
LYS A0063  1.00
HIS A0064  0.00
CYS A0074  0.00
ARG A0076  1.00
GLU A0077 -1.00
TYR A0081 -0.00
GLU A0085 -1.00
TYR A0089 -0.00
ASP A0094 -1.00
TYR A0095 -0.00
ARG A0097  1.00
GLU A0098 -1.00
CYS A0099  0.00
ARG A0101  1.00
GLU A0103 -1.00
TYR A0111 -0.00
GLU A0121 -0.99
TYR A0122 -0.00
GLU A0124 -1.00
LYS A0125  1.00
LYS A0126  1.00
HIS A0130  0.00
ARG A0131  1.00
ASP A0132 -1.00
ARG A0136  1.00
CYS A0138  0.00
GLU A0142 -1.00
HIS A0144  0.37
LYS A0147  1.00
ASP A0150 -0.00
ARG A0155  1.00
ASP A0160 -1.00
TYR A0162 -0.00
HIS A0165  0.26
LYS A0169  1.00
LYS A0173  1.00
GLU A0178 -1.00
TYR A0182 -0.00
LYS A0184  1.00
LYS A0188  1.00
ASP A0190 -0.01
GLU A0200 -1.00
TYR A0204  0.00
TYR A0209  0.00
ASP A0213 -1.00
TYR A0218 -0.00
GLU A0219 -0.99
GLU A0222 -0.97
LYS A0223  1.00
ASP A0224 -1.00
TYR A0225 -0.00
ARG A0226  1.00
GLU A0228 -1.00
ARG A0229  1.00
GLU A0231 -1.00
CYS A0233  0.00
GLU A0235 -1.00
LYS A0236  1.00
TYR A0238 -0.00
GLU A0239 -1.00
ARG A0242  1.00
CYS A0244  0.00
ASP A0251 -1.00
ARG A0252  1.00
GLU A0257 -1.00
HIS A0259  0.60
GLU A0263 -1.00
GLU A0268 -1.00

Tot Protn  -5.1
Tot Elec    0.0
Net crg    -5.1
