 ph         7.4
TYR A0005  0.00
CYS A0006 -0.00
LYS A0010  1.00
ASP A0016 -1.00
LYS A0018  1.00
GLU A0019 -1.00
ARG A0022  1.00
LYS A0023  1.00
ARG A0029  1.00
HIS A0033  0.23
GLU A0038 -1.00
TYR A0040 -0.00
GLU A0041 -0.98
ASP A0050 -1.00
LYS A0059  1.00
GLU A0063 -1.00
TYR A0065 -0.00
GLU A0067 -0.99
ASP A0069 -1.00
GLU A0070 -1.00
ASP A0072 -1.00
GLU A0076 -0.94
LYS A0082  1.00
HIS A0085  0.00
ARG A0090  1.00
CYS A0091  0.00
ARG A0101  1.00
GLU A0106 -1.00
ASP A0112 -1.00
LYS A0114  1.00
ARG A0118  1.00
GLU A0119 -1.00
ARG A0121  1.00
ARG A0123  1.00
ASP A0134 -1.00
HIS A0137  0.30
ARG A0140  1.00
ASP A0141 -1.00
CYS A0144 -0.00
CYS A0146  0.00
TYR A0148 -0.00
GLU A0150 -1.00
GLU A0151 -0.98
HIS A0153  0.44
HIS A0156  0.00
ARG A0157  1.00
ASP A0158 -0.85
ARG A0162  1.00
CYS A0164  0.00
CYS A0168 -0.03
ARG A0173  1.00
LYS A0176  1.00
ASP A0179 -1.00
ARG A0184  1.00
ASP A0185 -1.00
TYR A0187 -0.00
ARG A0188  1.00
TYR A0191 -0.01
TYR A0192 -0.03
ARG A0193  1.00
LYS A0194  1.00
CYS A0197 -0.04
LYS A0203  1.00
GLU A0208 -1.00
GLU A0212 -1.00
LYS A0218  1.00
ASP A0220 -1.00
GLU A0230 -0.99
TYR A0236 -0.01
TYR A0239  0.00
LYS A0242  1.00
GLU A0246 -1.00
GLU A0249 -1.00
ARG A0256  1.00
ASP A0258 -1.00
LYS A0261  1.00
CYS A0263  0.00
TYR A0268  0.00
ARG A0269  1.00
CYS A0274  0.00
HIS A0277  0.05
GLU A0280 -1.00
ASP A0281 -1.00
ARG A0282  1.00
GLU A0290 -1.00
ARG A0291  1.00
GLU A0293 -0.99
TYR A0294 -0.00
CYS A0295  0.00
ASP A0298 -1.00
ASP A0300 -1.00
GLU A0309 -1.00
TYR A0310 -0.01

Tot Protn  -3.8
Tot Elec    0.0
Net crg    -3.8
