 ph         7.4
ASP A0002 -1.00
GLU A0004 -1.00
ASP A0007 -1.00
ARG A0015  1.00
TYR A0025 -0.00
LYS A0026  1.00
LYS A0028  1.00
HIS A0030  0.30
ASP A0032 -1.00
LYS A0036  1.00
LYS A0052  1.00
GLU A0054 -0.98
ARG A0059  1.00
LYS A0060  1.00
ARG A0062  1.00
HIS A0063  0.00
TYR A0072 -0.00
LYS A0075  1.00
CYS A0085 -0.00
GLU A0086 -1.00
TYR A0091 -0.00
HIS A0092  0.01
HIS A0093  0.01
HIS A0095  0.96
GLU A0098 -1.00
LYS A0100  1.00
GLU A0102 -1.00
LYS A0104  1.00
LYS A0105  1.00
ASP A0108 -1.00
ARG A0111  1.00
ARG A0115  1.00
ASP A0118 -1.00
TYR A0119 -0.00
HIS A0121  0.04
LYS A0123  1.00
HIS A0127  0.00
ARG A0128  1.00
ASP A0129 -0.00
LYS A0131  1.00
HIS A0138  0.01
GLU A0139 -1.00
ASP A0140 -1.00
LYS A0144  1.00
ASP A0147 -1.00
LYS A0154  0.99
ARG A0156  1.00
HIS A0161  0.15
GLU A0164 -0.74
GLU A0176 -1.00
ARG A0179  1.00
ASP A0182 -1.00
TYR A0186 -0.00
ASP A0191 -1.00
TYR A0193  0.00
TYR A0200  0.00
GLU A0201 -0.96
TYR A0209  0.00
ARG A0215  1.00
ASP A0216 -1.00
GLU A0220 -1.00
ARG A0224  1.00
ASP A0230 -1.00
LYS A0233  1.00
ARG A0235  1.00
CYS A0238  0.00
LYS A0240  1.00
ARG A0241  1.00
LYS A0243  1.00
ARG A0244  1.00
GLU A0248 -1.00
CYS A0249  0.00
LYS A0251  1.00
LYS A0252  0.99
LYS A0253  1.00
ARG A0254  1.00
ASP A0255 -1.00
GLU A0256 -1.00
ARG A0257  1.00
ARG A0262  1.00
GLU A0266 -1.00
GLU A0268 -1.00
GLU A0269 -1.00
ARG A0272  1.00
GLU A0273 -1.00

Tot Protn   9.7
Tot Elec    0.0
Net crg     9.7
