 ph         7.4
TYR A0004  0.00
ASP A0005 -1.00
LYS A0008  1.00
GLU A0010 -1.00
ARG A0013  1.00
ASP A0014 -1.00
ARG A0015  1.00
LYS A0017  1.00
LYS A0020  1.00
ARG A0024  1.00
GLU A0032 -1.00
ASP A0034 -1.00
ASP A0039 -1.00
LYS A0040  1.00
CYS A0044 -0.00
ARG A0045  1.00
LYS A0050  1.00
LYS A0053  1.00
GLU A0054 -1.00
HIS A0058  0.07
GLU A0060 -1.00
HIS A0061  0.02
ARG A0062  1.00
GLU A0067 -1.00
LYS A0069  1.00
HIS A0073  0.30
HIS A0076  0.15
HIS A0077  0.00
CYS A0087  0.00
LYS A0089  1.00
GLU A0099 -1.00
CYS A0101  0.00
LYS A0102  1.00
TYR A0109 -0.00
ARG A0111  1.00
LYS A0113  1.00
ARG A0114  1.00
GLU A0116 -1.00
TYR A0120 -0.00
LYS A0121  1.00
GLU A0125 -1.00
ASP A0126 -1.00
TYR A0128 -0.00
LYS A0129  1.00
ASP A0130 -1.00
GLU A0135 -1.00
HIS A0136  0.00
CYS A0139 -0.02
TYR A0140  0.00
LYS A0146  1.00
GLU A0149 -0.99
ARG A0154  1.00
LYS A0155  1.00
CYS A0156 -0.00
HIS A0158  0.00
ARG A0159  1.00
ASP A0160 -1.00
ARG A0164  1.00
GLU A0170 -1.00
LYS A0171  1.00
LYS A0175  1.00
CYS A0177  0.00
ASP A0178 -0.98
ARG A0183  1.00
ASP A0184 -1.00
TYR A0186 -0.01
LYS A0187  1.00
ASP A0188 -0.99
ASP A0190 -1.00
TYR A0191 -0.11
ARG A0193  1.00
LYS A0194  0.96
ASP A0196 -1.00
ARG A0198  1.00
LYS A0202  0.99
GLU A0207 -1.00
ASP A0211 -1.00
ARG A0212  1.00
TYR A0214 -0.02
ASP A0219 -1.00
GLU A0229 -0.99
TYR A0238  0.00
LYS A0242  1.00
ASP A0244 -1.00
GLU A0245 -1.00
GLU A0246 -1.00
CYS A0248  0.00
ARG A0249  1.00
ARG A0250  1.00
LYS A0252  1.00
GLU A0253 -1.00
ARG A0256  1.00
ARG A0258  1.00
ASP A0261 -1.00
TYR A0262 -0.00
GLU A0266 -1.00
TYR A0268  0.00
ASP A0273 -0.99
CYS A0274  0.00
HIS A0276  0.01
GLU A0278 -1.00
ARG A0282  1.00
GLU A0287 -1.00
GLU A0290 -1.00
HIS A0291  0.43

Tot Protn   3.8
Tot Elec    0.0
Net crg     3.8
