CONFORMER         crg  vdw0  vdw1  tors  epol  self   occ  Hb     history    ASA
1N1+1A0001_001  1.000481.23  0.00  0.00  0.00481.23 0.000  00  +1O000M000  1.000
1N1+1A0001_002  1.000487.74  0.00  0.00  0.00487.74 0.000  00  +1O000M000  1.000
1N1+1A0001_003  1.000785.19  0.00  0.00  0.00785.19 0.000  00  +1O000M000  1.000
1N1+1A0001_004  1.000791.70  0.00  0.00  0.00791.70 0.000  00  +1O000M000  1.000
1N1+2A0001_005  0.999782.89  0.00  0.00  0.00782.89 0.000  00  +2O000M000  1.000
1N1+2A0001_006  0.999479.62  0.00  0.00  0.00479.62 0.000  00  +2O000M000  1.000
1N101A0001_007  0.000775.97  0.00  0.00  0.00775.97 0.000  00  01O000M000  1.000
1N101A0001_008  0.000472.84  0.00  0.00  0.00472.84 0.000  00  01O000M000  1.000
1N1+3A0001_009  1.000485.49  0.00  0.00  0.00485.49 0.000  00  +3O000M000  1.000
1N1+3A0001_010  1.000491.99  0.00  0.00  0.00491.99 0.000  00  +3O000M000  1.000
1N1+3A0001_011  1.000788.68  0.00  0.00  0.00788.68 0.000  00  +3O000M000  1.000
1N1+3A0001_012  1.000795.79  0.00  0.00  0.00795.79 0.000  00  +3O000M000  1.000
1N1-1A0001_013 -1.000770.57  0.00  0.00  0.00770.57 0.000  00  -1O000M000  1.000
1N1-1A0001_014 -1.000467.44  0.00  0.00  0.00467.44 0.000  00  -1O000M000  1.000
1N1+aA0001_015  2.000484.68  0.00  0.00  0.00484.68 0.000  00  +aO000M000  1.000
1N1+aA0001_016  2.000785.47  0.00  0.00  0.00785.47 0.000  00  +aO000M000  1.000
1N1+aA0001_017  2.000482.19  0.00  0.00  0.00482.19 0.000  00  +aO000M000  1.000
1N1+aA0001_018  2.000787.87  0.00  0.00  0.00787.87 0.000  00  +aO000M000  1.000
1N102A0001_019  0.000469.19  0.00  0.00  0.00469.19 0.000  00  02O000M000  1.000
1N102A0001_020  0.000773.15  0.00  0.00  0.00773.15 0.000  00  02O000M000  1.000
1N102A0001_021  0.000775.55  0.00  0.00  0.00775.55 0.000  00  02O000M000  1.000
1N102A0001_022  0.000472.41  0.00  0.00  0.00472.41 0.000  00  02O000M000  1.000
1N1+4A0001_023  1.001497.42  0.00  0.00  0.00497.42 0.000  00  +4O000M000  1.000
1N1+4A0001_024  1.001800.61  0.00  0.00  0.00800.61 0.000  00  +4O000M000  1.000
1N103A0001_025  0.000777.49  0.00  0.00  0.00777.49 0.000  00  03O000M000  1.000
1N103A0001_026  0.000474.22  0.00  0.00  0.00474.22 0.000  00  03O000M000  1.000
1N1DMA0001_027  0.000  0.00  0.00  0.00  0.00  0.00 0.000  00  DMO000M000   -nan
