 ph         7.4
GLU A0003 -1.00
GLU A0005 -1.00
ARG A0006  1.00
ASP A0008 -0.99
LYS A0012  1.00
HIS A0013  0.15
LYS A0014  1.00
TYR A0020 -0.00
GLU A0022 -1.00
TYR A0024 -0.00
GLU A0025 -1.00
LYS A0029  1.00
LYS A0030  1.00
TYR A0031 -0.00
LYS A0038  1.00
LYS A0041  1.00
GLU A0042 -1.00
ASP A0043 -1.00
GLU A0046 -1.00
GLU A0048 -1.00
GLU A0049 -1.00
LYS A0052  1.00
GLU A0053 -1.00
LYS A0058  1.00
GLU A0059 -1.00
LYS A0061  1.00
HIS A0062  0.00
CYS A0072 -0.00
ARG A0074  1.00
GLU A0075 -1.00
TYR A0079 -0.00
GLU A0083 -1.00
TYR A0087 -0.00
ASP A0092 -1.00
TYR A0093 -0.00
ARG A0095  1.00
GLU A0096 -1.00
CYS A0097  0.00
ARG A0099  1.00
GLU A0101 -1.00
TYR A0109 -0.00
GLU A0119 -0.99
TYR A0120 -0.00
GLU A0122 -1.00
LYS A0123  1.00
LYS A0124  1.00
HIS A0128  0.00
ARG A0129  1.00
ASP A0130 -1.00
ARG A0134  1.00
CYS A0136  0.00
GLU A0140 -1.00
HIS A0142  0.55
LYS A0145  1.00
ASP A0148 -0.98
ARG A0153  1.00
ASP A0158 -1.00
TYR A0160 -0.00
HIS A0163  0.21
LYS A0167  1.00
LYS A0171  1.00
GLU A0176 -1.00
TYR A0180 -0.00
LYS A0182  1.00
LYS A0186  1.00
ASP A0188 -1.00
GLU A0198 -1.00
TYR A0202  0.00
TYR A0207  0.00
ASP A0211 -1.00
TYR A0216 -0.00
GLU A0217 -1.00
GLU A0220 -1.00
LYS A0221  1.00
ASP A0222 -0.99
TYR A0223 -0.00
ARG A0224  1.00
GLU A0226 -1.00
ARG A0227  1.00
GLU A0229 -1.00
CYS A0231 -0.00
GLU A0233 -1.00
LYS A0234  1.00
TYR A0236  0.00
GLU A0237 -1.00
ARG A0240  1.00
CYS A0242  0.00
ASP A0249 -1.00
ARG A0250  1.00
GLU A0255 -1.00
HIS A0257  0.62
GLU A0261 -1.00

STI B0001  1.00
Tot Protn  -6.4
Tot Elec    0.0
Net crg    -5.4
