 ph         7.4
ASP A0002 -1.00
GLU A0004 -1.00
ASP A0007 -1.00
ARG A0015  1.00
TYR A0025 -0.00
LYS A0026  1.00
LYS A0028  1.00
HIS A0030  0.28
ASP A0032 -1.00
LYS A0036  1.00
LYS A0047  1.00
GLU A0049 -1.00
ARG A0054  1.00
LYS A0055  1.00
ARG A0057  1.00
HIS A0058  0.00
TYR A0067 -0.00
LYS A0070  1.00
CYS A0080 -0.00
GLU A0081 -1.00
TYR A0086 -0.01
HIS A0087  0.01
HIS A0088  0.01
HIS A0090  0.64
GLU A0093 -1.00
LYS A0095  1.00
GLU A0097 -1.00
LYS A0100  0.99
ASP A0103 -1.00
ARG A0106  1.00
ASP A0113 -1.00
TYR A0114 -0.00
HIS A0116  0.01
LYS A0118  1.00
HIS A0122  0.00
ARG A0123  1.00
ASP A0124 -1.00
LYS A0126  1.00
HIS A0133  0.00
GLU A0134 -1.00
ASP A0135 -1.00
LYS A0139  1.00
ASP A0142 -1.00
LYS A0149  1.00
ARG A0151  1.00
HIS A0156  0.03
GLU A0159 -0.99
GLU A0171 -1.00
ARG A0174  1.00
ASP A0177 -1.00
LYS A0178  1.00
TYR A0181 -0.00
ASP A0186 -1.00
TYR A0188  0.00
TYR A0195  0.00
GLU A0196 -0.99
TYR A0204  0.00
ARG A0210  1.00
ASP A0211 -1.00
ARG A0219  1.00
TYR A0221 -0.01
ASP A0225 -1.00
LYS A0228  1.00
ARG A0230  1.00
CYS A0233 -0.00
LYS A0235  1.00
LYS A0238  0.99
ARG A0239  1.00
GLU A0243 -1.00
CYS A0244  0.00
LYS A0246  1.00
LYS A0247  1.00
LYS A0248  1.00
ARG A0249  1.00
ASP A0250 -1.00
GLU A0251 -1.00
ARG A0252  1.00
GLU A0263 -1.00
ARG A0267  1.00

Tot Protn   9.0
Tot Elec    0.0
Net crg     9.0
