 ph         7.4
ARG A0005  1.00
LYS A0008  1.00
GLU A0009 -1.00
GLU A0011 -1.00
LYS A0013  1.00
LYS A0014  1.00
LYS A0016  1.00
TYR A0027 -0.00
LYS A0028  1.00
GLU A0034 -1.00
GLU A0036 -1.00
LYS A0037  1.00
LYS A0039  1.00
LYS A0045  0.25
GLU A0046 -1.00
ARG A0048  1.00
GLU A0049 -1.00
LYS A0054  1.00
LYS A0057  1.00
GLU A0058 -1.00
ASP A0061 -1.00
GLU A0062 -0.93
TYR A0064 -0.00
ASP A0070 -1.00
HIS A0073  0.00
CYS A0075 -0.00
ARG A0076  1.00
CYS A0081 -0.00
CYS A0097 -0.00
ASP A0100 -1.00
TYR A0101 -0.00
ARG A0103  1.00
GLU A0104 -1.00
HIS A0105  0.13
LYS A0106  1.00
ASP A0107 -1.00
TYR A0113 -0.00
CYS A0118  0.00
LYS A0123  1.00
TYR A0127 -0.00
GLU A0129 -1.00
ASP A0130 -1.00
ARG A0131  1.00
ARG A0132  1.00
HIS A0135  0.00
ARG A0136  1.00
ASP A0137 -0.85
ARG A0141  1.00
LYS A0146  0.99
HIS A0150  0.01
LYS A0152  0.92
ASP A0155 -0.26
LYS A0160  1.00
GLU A0165 -1.00
GLU A0166 -1.00
LYS A0167  1.00
GLU A0168 -1.00
TYR A0169 -0.00
HIS A0170  0.27
GLU A0172 -0.99
LYS A0175  1.00
LYS A0179  1.00
GLU A0184 -1.00
HIS A0188  0.34
ARG A0189  1.00
TYR A0191  0.00
HIS A0193  0.04
ASP A0196 -1.00
TYR A0200  0.00
GLU A0206 -0.99
LYS A0213  1.00
TYR A0215  0.00
ASP A0216 -1.00
GLU A0222 -1.00
GLU A0228 -0.99
LYS A0229  1.00
GLU A0231 -1.00
ARG A0232  1.00
CYS A0239  0.00
ASP A0242 -1.00
TYR A0244  0.00
LYS A0249  1.00
CYS A0250  0.00
ASP A0254 -1.00
ASP A0256 -1.00
ARG A0258  1.00
LYS A0260  1.00
ARG A0262  1.00
GLU A0263 -1.00
GLU A0267 -0.99
LYS A0270  1.00
ARG A0273  1.00
ASP A0274 -1.00
ARG A0277  1.00
TYR A0278  0.00
ASP A0284 -1.00
GLU A0285 -1.00
ARG A0286  1.00
HIS A0288  0.40
ASP A0294 -0.99
TYR A0298  0.00
ARG A0299  1.00
ASP A0303 -1.00
GLU A0304 -1.00
GLU A0305 -0.99
ASP A0306 -1.00
ASP A0308 -0.99
ASP A0309 -0.98
ASP A0312 -1.00
ASP A0314 -1.00
GLU A0315 -0.99
TYR A0316 -0.00

FMM B0001  1.00
Tot Protn  -5.6
Tot Elec    0.0
Net crg    -5.3
