 ph         7.4
TYR A0002 -0.01
ASP A0003 -1.00
LYS A0004  1.00
GLU A0006 -0.95
GLU A0008 -1.00
ARG A0009  1.00
ASP A0011 -0.99
LYS A0015  1.00
HIS A0016  0.25
LYS A0017  1.00
TYR A0023 -0.00
GLU A0025 -1.00
TYR A0027 -0.00
GLU A0028 -0.96
LYS A0032  1.00
LYS A0033  1.00
TYR A0034 -0.01
LYS A0041  1.00
LYS A0044  1.00
GLU A0045 -1.00
ASP A0046 -1.00
GLU A0049 -1.00
GLU A0051 -1.00
GLU A0052 -1.00
LYS A0055  1.00
GLU A0056 -1.00
LYS A0061  1.00
GLU A0062 -1.00
LYS A0064  1.00
HIS A0065  0.00
CYS A0075  0.00
ARG A0077  1.00
GLU A0078 -1.00
TYR A0082 -0.00
GLU A0086 -1.00
TYR A0090 -0.00
ASP A0095 -1.00
TYR A0096 -0.00
ARG A0098  1.00
GLU A0099 -1.00
CYS A0100  0.00
ARG A0102  1.00
GLU A0104 -1.00
TYR A0112 -0.00
GLU A0122 -1.00
TYR A0123 -0.00
GLU A0125 -1.00
LYS A0126  1.00
LYS A0127  0.99
HIS A0131  0.00
ARG A0132  1.00
ASP A0133 -1.00
ARG A0137  1.00
CYS A0139  0.00
GLU A0143 -1.00
HIS A0145  0.10
LYS A0148  1.00
ASP A0151 -0.90
ARG A0156  1.00
ASP A0161 -1.00
TYR A0163  0.00
HIS A0166  0.04
LYS A0170  1.00
LYS A0174  1.00
GLU A0179 -1.00
TYR A0183 -0.00
LYS A0185  1.00
LYS A0189  1.00
ASP A0191 -1.00
GLU A0201 -1.00
TYR A0205  0.00
TYR A0210  0.00
ASP A0214 -1.00
TYR A0219 -0.00
GLU A0220 -1.00
GLU A0223 -0.99
LYS A0224  1.00
ASP A0225 -1.00
TYR A0226 -0.00
ARG A0227  1.00
GLU A0229 -1.00
ARG A0230  1.00
GLU A0232 -1.00
CYS A0234  0.00
GLU A0236 -1.00
LYS A0237  1.00
TYR A0239 -0.00
GLU A0240 -1.00
ARG A0243  1.00
CYS A0245  0.00
ASP A0252 -1.00
ARG A0253  1.00
GLU A0258 -1.00
HIS A0260  0.52
GLU A0264 -0.99
GLU A0269 -1.00

Tot Protn  -7.9
Tot Elec    0.0
Net crg    -7.9
