 ph         7.4
HIS A0002  0.63
ASP A0004 -1.00
GLU A0011 -1.00
HIS A0018  0.11
HIS A0029  0.22
GLU A0032 -1.00
ARG A0036  1.00
HIS A0038  0.08
CYS A0041 -0.01
TYR A0043 -0.00
HIS A0044  0.09
ASP A0049 -1.00
ASP A0051 -1.00
LYS A0053  1.00
LYS A0054  1.00
HIS A0056  0.08
CYS A0057  0.00
LYS A0060  1.00
ARG A0064  1.00
ASP A0067 -1.00
GLU A0070 -1.00
GLU A0077 -0.99
LYS A0082  1.00
ASP A0083 -1.00
HIS A0086  0.00
CYS A0096 -0.00
ARG A0098  1.00
GLU A0100 -1.00
TYR A0109 -0.00
LYS A0111  1.00
HIS A0112  0.00
ASP A0114 -1.00
ARG A0116  1.00
ARG A0120  1.00
GLU A0122 -1.00
HIS A0124  0.05
LYS A0129  1.00
ASP A0130 -1.00
LYS A0140  0.99
LYS A0143  0.98
TYR A0144 -0.00
LYS A0148  1.00
LYS A0149  1.00
HIS A0152  0.00
ARG A0153  1.00
ASP A0154 -1.00
ARG A0158  1.00
CYS A0160  0.00
ASP A0163 -1.00
GLU A0164 -1.00
LYS A0165  1.00
LYS A0169  1.00
ASP A0172  0.00
ARG A0177  1.00
ASP A0178 -1.00
TYR A0180  0.00
ASP A0181 -1.00
LYS A0182  1.00
GLU A0183 -1.00
TYR A0184 -0.00
TYR A0185  0.00
HIS A0188  0.00
LYS A0190  1.00
LYS A0194  1.00
LYS A0198  1.00
GLU A0203 -1.00
LYS A0209  1.00
LYS A0213  1.00
ASP A0215 -1.00
GLU A0225 -1.00
ARG A0229  1.00
TYR A0234  0.00
ASP A0236 -1.00
ASP A0241 -1.00
TYR A0245 -0.00
ARG A0250  1.00
ARG A0251  1.00
GLU A0256 -1.00
TYR A0257 -0.00
CYS A0258  0.00
ASP A0260 -1.00
TYR A0263  0.00
GLU A0264 -1.00
LYS A0268  0.99
CYS A0269  0.00
HIS A0271  0.00
LYS A0273  1.00
GLU A0275 -1.00
ARG A0277  1.00
GLU A0282 -1.00
ARG A0286  1.00

Tot Protn   5.2
Tot Elec    0.0
Net crg     5.2
