 ph         7.4
ARG A0002  1.00
ASP A0004 -1.00
ARG A0007  1.00
ARG A0009  1.00
ARG A0011  1.00
LYS A0013  1.00
GLU A0014 -1.00
LYS A0015  1.00
GLU A0018 -1.00
GLU A0023 -1.00
HIS A0025  0.05
CYS A0027  0.00
GLU A0028 -1.00
ASP A0030 -1.00
ASP A0034 -1.00
ASP A0039 -1.00
ARG A0045  1.00
LYS A0046  1.00
HIS A0048  0.25
LYS A0055  1.00
ARG A0058  1.00
ASP A0060 -1.00
LYS A0063  1.00
ARG A0066  1.00
ASP A0068 -1.00
LYS A0071  1.00
GLU A0072 -1.00
LYS A0074  1.00
ARG A0078  1.00
LYS A0080  1.00
ASP A0081 -0.97
ARG A0086  1.00
CYS A0091  0.00
ASP A0094 -1.00
ASP A0095 -1.00
CYS A0098  0.00
ASP A0102 -1.00
TYR A0103 -0.00
GLU A0105 -1.00
ASP A0108 -0.99
HIS A0116  0.02
GLU A0119 -1.00
ASP A0120 -1.00
LYS A0121  1.00
GLU A0124 -1.00
ASP A0129 -1.00
TYR A0140  0.00
HIS A0145  0.16
ARG A0155  1.00
TYR A0156 -0.00
HIS A0164  0.00
ARG A0165  1.00
ASP A0166 -0.96
ARG A0170  1.00
CYS A0172  0.00
GLU A0176 -1.00
LYS A0181  1.00
ASP A0184 -0.97
ARG A0189  1.00
TYR A0192  0.00
ASP A0195 -1.00
TYR A0196 -0.00
TYR A0197 -0.00
ARG A0198  1.00
ARG A0202  1.00
ARG A0208  1.00
GLU A0213 -1.00
CYS A0214 -0.00
LYS A0219  1.00
ASP A0225 -1.00
GLU A0235 -1.00
CYS A0240  0.00
ARG A0241  1.00
ASP A0250 -1.00
GLU A0251 -1.00
GLU A0255 -1.00
GLU A0259 -1.00
ARG A0262  1.00
ASP A0263 -1.00
ARG A0266  1.00
TYR A0269 -0.00
ARG A0272  1.00
CYS A0276  0.00
TYR A0281 -0.00
GLU A0282 -1.00
ARG A0286  1.00
CYS A0287  0.00
ARG A0290  1.00
GLU A0291 -1.00
GLU A0293 -1.00
ARG A0295  1.00
HIS A0302  0.02
ARG A0303  1.00
GLU A0307 -1.00
ASP A0308 -1.00

Tot Protn  -2.4
Tot Elec    0.0
Net crg    -2.4
