 ph         7.4
HIS A0002  0.02
GLU A0004 -1.00
ARG A0005  1.00
TYR A0008  0.00
ASP A0009 -1.00
LYS A0012  1.00
GLU A0014 -1.00
ARG A0017  1.00
ASP A0018 -1.00
ARG A0019  1.00
LYS A0021  1.00
LYS A0024  1.00
ARG A0028  1.00
GLU A0036 -1.00
ASP A0038 -1.00
ASP A0043 -1.00
LYS A0044  1.00
CYS A0048 -0.01
ARG A0049  1.00
LYS A0054  0.00
LYS A0057  1.00
GLU A0058 -1.00
HIS A0062  0.10
GLU A0064 -1.00
HIS A0065  0.07
ARG A0066  1.00
GLU A0071 -0.04
LYS A0073  1.00
HIS A0077  0.10
HIS A0080  0.09
HIS A0081  0.00
CYS A0091  0.00
LYS A0093  1.00
GLU A0103 -1.00
CYS A0105  0.00
LYS A0106  1.00
TYR A0113 -0.00
ARG A0115  1.00
LYS A0117  1.00
ARG A0118  1.00
GLU A0120 -1.00
TYR A0124 -0.00
LYS A0125  1.00
GLU A0129 -1.00
ASP A0130 -1.00
TYR A0132 -0.00
LYS A0133  1.00
ASP A0134 -1.00
GLU A0139 -1.00
HIS A0140  0.00
CYS A0143 -0.01
TYR A0144  0.00
LYS A0150  1.00
GLU A0153 -0.99
ARG A0158  1.00
LYS A0159  1.00
CYS A0160 -0.00
HIS A0162  0.00
ARG A0163  1.00
ASP A0164 -1.00
ARG A0168  1.00
GLU A0174 -1.00
LYS A0175  1.00
LYS A0179  0.99
CYS A0181  0.00
ASP A0182 -0.99
ARG A0187  1.00
ASP A0188 -1.00
ASP A0192 -1.00
ARG A0194  1.00
LYS A0198  1.00
GLU A0203 -1.00
ASP A0207 -1.00
ARG A0208  1.00
TYR A0210  0.00
ASP A0215 -1.00
GLU A0225 -1.00
TYR A0234  0.00
LYS A0238  1.00
ASP A0240 -1.00
GLU A0241 -1.00
GLU A0242 -1.00
CYS A0244 -0.00
ARG A0245  1.00
ARG A0246  1.00
LYS A0248  1.00
GLU A0249 -1.00
ARG A0252  1.00
ARG A0254  1.00
ASP A0257 -1.00
TYR A0258 -0.00
GLU A0262 -1.00
TYR A0264 -0.00
ASP A0269 -1.00
CYS A0270  0.00
HIS A0272  0.07
GLU A0274 -1.00
ARG A0278  1.00
GLU A0283 -1.00
GLU A0286 -1.00
HIS A0287  0.28

276 B0001  1.00
Tot Protn   2.7
Tot Elec    0.0
Net crg     2.7
