 ph         7.4
GLU A0002 -1.00
HIS A0003  0.48
CYS A0004 -0.00
GLU A0005 -1.00
ARG A0006  1.00
TYR A0009  0.00
ASP A0010 -1.00
LYS A0013  1.00
GLU A0015 -1.00
ARG A0018  1.00
ASP A0019 -1.00
ARG A0020  1.00
LYS A0022  1.00
LYS A0025  1.00
ARG A0029  1.00
GLU A0037 -1.00
ASP A0039 -0.98
ASP A0044 -1.00
LYS A0045  1.00
CYS A0049 -0.02
ARG A0050  1.00
LYS A0055  1.00
LYS A0058  1.00
GLU A0059 -1.00
HIS A0063  0.05
GLU A0065 -1.00
HIS A0066  0.03
ARG A0067  1.00
GLU A0072 -1.00
LYS A0074  1.00
HIS A0078  0.05
HIS A0081  0.07
HIS A0082  0.00
CYS A0092  0.00
LYS A0094  1.00
GLU A0104 -1.00
CYS A0106 -0.00
LYS A0107  0.99
TYR A0114 -0.00
ARG A0116  1.00
LYS A0118  1.00
ARG A0119  1.00
GLU A0121 -1.00
TYR A0125 -0.00
LYS A0126  1.00
GLU A0130 -1.00
ASP A0131 -1.00
TYR A0133 -0.00
LYS A0134  1.00
ASP A0135 -1.00
GLU A0140 -1.00
HIS A0141  0.00
CYS A0144 -0.00
TYR A0145  0.00
LYS A0151  1.00
GLU A0154 -1.00
ARG A0159  1.00
LYS A0160  1.00
CYS A0161 -0.00
HIS A0163  0.01
ARG A0164  1.00
ASP A0165 -1.00
ARG A0169  1.00
GLU A0175 -1.00
LYS A0176  1.00
LYS A0180  1.00
CYS A0182 -0.00
ASP A0183 -1.00
ARG A0188  1.00
ASP A0189 -1.00
TYR A0191 -0.02
LYS A0192  1.00
ASP A0193 -1.00
ASP A0195 -1.00
TYR A0196 -0.00
ARG A0198  1.00
LYS A0199  1.00
ASP A0201 -1.00
ARG A0203  1.00
LYS A0207  1.00
GLU A0212 -1.00
ASP A0216 -1.00
ARG A0217  1.00
TYR A0219 -0.00
ASP A0224 -1.00
GLU A0234 -1.00
TYR A0243  0.00
LYS A0247  1.00
ASP A0249 -1.00
GLU A0250 -1.00
GLU A0251 -1.00
CYS A0253 -0.00
ARG A0254  1.00
ARG A0255  1.00
LYS A0257  1.00
GLU A0258 -1.00
ARG A0261  1.00
ARG A0263  1.00
ASP A0266 -1.00
TYR A0267 -0.00
GLU A0271 -1.00
TYR A0273  0.00
ASP A0278 -0.99
CYS A0279  0.00
HIS A0281  0.00
GLU A0283 -1.00
ARG A0287  1.00
GLU A0292 -1.00
GLU A0295 -1.00
HIS A0296  0.40

Tot Protn   3.1
Tot Elec    0.0
Net crg     3.1
