 ph         7.4
ASP A0007 -0.99
ASP A0009 -0.98
GLU A0010 -1.00
ASP A0014 -1.00
GLU A0015 -1.00
HIS A0016  0.07
CYS A0017 -0.22
GLU A0018 -1.00
ARG A0019  1.00
TYR A0022 -0.00
ASP A0023 -1.00
LYS A0026  1.00
GLU A0028 -1.00
ARG A0031  1.00
ASP A0032 -1.00
ARG A0033  1.00
LYS A0035  1.00
LYS A0038  1.00
ARG A0042  1.00
GLU A0050 -1.00
ASP A0052 -1.00
ASP A0057 -1.00
LYS A0058  1.00
CYS A0062 -0.18
ARG A0063  1.00
LYS A0068  1.00
LYS A0071  0.99
GLU A0072 -1.00
HIS A0076  0.13
GLU A0078 -1.00
HIS A0079  0.01
ARG A0080  1.00
GLU A0085 -1.00
LYS A0087  0.98
HIS A0091  0.02
HIS A0094  0.20
HIS A0095  0.00
CYS A0105  0.00
LYS A0107  1.00
GLU A0117 -1.00
CYS A0119  0.00
LYS A0120  1.00
TYR A0127  0.00
ARG A0129  1.00
LYS A0131  1.00
ARG A0132  1.00
GLU A0134 -1.00
TYR A0138 -0.04
LYS A0139  1.00
GLU A0143 -1.00
ASP A0144 -1.00
TYR A0146 -0.01
LYS A0147  1.00
ASP A0148 -1.00
GLU A0153 -1.00
HIS A0154  0.00
CYS A0157 -0.01
TYR A0158  0.00
LYS A0164  1.00
GLU A0167 -0.98
ARG A0172  1.00
LYS A0173  1.00
CYS A0174  0.00
HIS A0176  0.00
ARG A0177  1.00
ASP A0178 -1.00
ARG A0182  1.00
GLU A0188 -1.00
LYS A0189  1.00
LYS A0193  1.00
CYS A0195 -0.00
ASP A0196 -1.00
ARG A0201  1.00
ASP A0202 -1.00
TYR A0204 -0.00
LYS A0205  1.00
ASP A0206 -1.00
ASP A0208 -1.00
TYR A0209  0.00
ARG A0211  1.00
LYS A0212  0.97
ASP A0214 -1.00
ARG A0216  1.00
LYS A0220  1.00
GLU A0225 -1.00
ASP A0229 -1.00
ARG A0230  1.00
TYR A0232 -0.39
ASP A0237 -0.00
GLU A0247 -0.98
TYR A0256  0.00
LYS A0260  1.00
ASP A0262 -1.00
GLU A0263 -1.00
GLU A0264 -1.00
CYS A0266 -0.01
ARG A0267  1.00
ARG A0268  1.00
LYS A0270  1.00
GLU A0271 -1.00
ARG A0274  1.00
ARG A0276  1.00
ASP A0279 -1.00
TYR A0280 -0.00
GLU A0284 -1.00
TYR A0286  0.00
ASP A0291 -0.99
CYS A0292  0.00
HIS A0294  0.11
GLU A0296 -1.00
ARG A0300  1.00
GLU A0305 -1.00
GLU A0308 -1.00
HIS A0309  0.21

Tot Protn  -1.1
Tot Elec    0.0
Net crg    -1.1
