 ph         7.4
ARG A0004  1.00
LYS A0006  1.00
ASP A0008 -1.00
LYS A0013  1.00
ASP A0014 -1.00
ARG A0016  1.00
LYS A0022  1.00
ARG A0024  1.00
GLU A0025 -1.00
LYS A0030  1.00
GLU A0036 -1.00
GLU A0040 -1.00
ASP A0044 -1.00
ARG A0046  1.00
HIS A0054  0.00
CYS A0057  0.00
GLU A0058 -1.00
GLU A0061 -1.00
ASP A0063 -1.00
LYS A0064  1.00
ASP A0075 -1.00
ARG A0076  1.00
TYR A0077  0.00
CYS A0079 -0.00
LYS A0080  1.00
LYS A0081  1.00
LYS A0085  1.00
LYS A0086  1.00
LYS A0090  1.00
CYS A0095  0.00
LYS A0101  1.00
ARG A0103  1.00
LYS A0106  1.00
LYS A0112  1.00
TYR A0115 -0.01
CYS A0118 -0.03
ASP A0119 -1.00
CYS A0120 -0.01
GLU A0125 -1.00
GLU A0130 -1.00
LYS A0131  1.00
ASP A0132 -1.00
GLU A0135 -1.00
LYS A0138  1.00
ASP A0140 -1.00
GLU A0142 -1.00
ASP A0148 -1.00
CYS A0154  0.00
LYS A0158  1.00
GLU A0161 -1.00
ASP A0162 -1.00
TYR A0168 -0.00
GLU A0169 -1.00
CYS A0176  0.00
LYS A0177  1.00
CYS A0193  0.00
GLU A0202 -1.00
ASP A0204 -1.00
CYS A0208  0.00
ARG A0209  1.00
CYS A0213 -0.02
TYR A0214 -0.03
GLU A0216 -1.00
ASP A0217 -1.00
ARG A0230  1.00
LYS A0233  1.00
ASP A0234 -1.00
GLU A0238 -1.00
TYR A0243 -0.00
ASP A0244 -0.99
GLU A0246 -1.00
ASP B0002 -1.00
TYR B0005  0.00
GLU B0006 -1.00
CYS B0007 -0.17
GLU B0010 -1.00
GLU B0013 -1.00
TYR B0016 -0.02
LYS B0018  1.00
LYS B0021  0.92
ARG B0023  1.00
ASP B0024 -1.00
LYS B0026  1.00
ARG B0030  1.00
LYS B0035  0.98
ARG B0036  1.00
ARG B0038  1.00
GLU B0043 -1.00
GLU B0044 -1.00
ARG B0052  1.00
GLU B0053 -0.99
ARG B0058  1.00
HIS B0059  0.00
GLU B0061 -1.00
GLU B0064 -1.00
HIS B0065  0.00
ARG B0070  1.00
ASP B0073 -1.00
CYS B0075 -0.00
ARG B0079  1.00
ASP B0081 -1.00
ARG B0082  1.00
GLU B0083 -1.00
LYS B0085  1.00
GLU B0091 -1.00
HIS B0092  0.00
ASP B0094 -1.00
ASP B0096 -1.00
TYR B0100 -0.00
ASP B0102 -1.00
LYS B0103  1.00
GLU B0106 -1.00
GLU B0112 -1.00
LYS B0115  1.00
ASP B0116 -1.00
ARG B0123  1.00
ASP B0126 -1.00
HIS B0129  0.00
HIS B0131  0.00
ARG B0132  1.00
HIS B0135  0.98
ARG B0136  1.00
ASP B0137 -1.00
LYS B0139  1.00
LYS B0152  1.00
ASP B0155 -0.98
ARG B0160  0.99
TYR B0162  0.00
TYR B0177  0.00
ARG B0178  1.00
GLU B0181 -1.00
TYR B0188  0.00
ASP B0193 -1.00
CYS B0199  0.00
GLU B0203 -0.96
ARG B0206  1.00
ARG B0207  1.00
LYS B0208  1.00
ARG B0212  1.00
ASP B0216 -1.00
ASP B0218 -1.00
LYS B0222  1.00
ASP B0225 -1.00
GLU B0232 -1.00
GLU B0233 -1.00
ASP B0234 -1.00
ARG B0237  1.00
ASP B0238 -1.00
ARG B0243  1.00
HIS B0247  0.05
LYS B0249  1.00
GLU B0255 -1.00
LYS B0256  1.00
ASP B0260 -1.00
ASP B0262 -1.00
GLU B0263 -1.00
LYS B0266  1.00
ASP B0267 -1.00
LYS B0271  1.00
CYS B0272  0.00
LYS B0279  1.00
ARG B0280  1.00
TYR B0284 -0.00
HIS B0289  0.00
TYR B0291  0.00
ASP B0294 -1.00
GLU B0296 -1.00
ARG B0297  1.00

LQQ C0001  1.00
Tot Protn  -5.3
Tot Elec    0.0
Net crg    -4.3
