 ph         7.4
ASP A0002 -1.00
TYR A0005 -0.00
GLU A0006 -1.00
CYS A0007 -0.01
GLU A0010 -1.00
GLU A0013 -1.00
TYR A0016 -0.00
LYS A0018  1.00
LYS A0021  1.00
ARG A0023  1.00
ASP A0024 -1.00
LYS A0026  1.00
ARG A0030  1.00
LYS A0035  1.00
ARG A0036  1.00
ARG A0038  1.00
GLU A0043 -1.00
GLU A0044 -1.00
ARG A0052  1.00
GLU A0053 -1.00
ARG A0058  1.00
HIS A0059  0.24
GLU A0061 -1.00
GLU A0064 -1.00
HIS A0065  0.00
ARG A0070  1.00
ASP A0073 -0.99
CYS A0075 -0.01
ARG A0079  1.00
ASP A0081 -1.00
ARG A0082  1.00
GLU A0083 -1.00
LYS A0085  0.97
GLU A0091 -1.00
HIS A0092  0.00
ASP A0094 -1.00
ASP A0096 -0.89
TYR A0100 -0.00
ASP A0102 -0.99
LYS A0103  1.00
GLU A0106 -1.00
GLU A0112 -1.00
LYS A0115  1.00
ASP A0116 -1.00
ARG A0123  1.00
ASP A0126 -0.99
HIS A0129  0.13
HIS A0131  0.06
ARG A0132  1.00
HIS A0135  0.00
ARG A0136  1.00
ASP A0137 -1.00
LYS A0139  1.00
LYS A0152  1.00
ASP A0155 -1.00
ARG A0160  1.00
TYR A0162 -0.00
TYR A0177  0.00
ARG A0178  1.00
GLU A0181 -1.00
TYR A0188  0.00
ASP A0193 -1.00
CYS A0199  0.00
GLU A0203 -0.94
ARG A0206  1.00
ARG A0207  1.00
LYS A0208  0.99
ARG A0212  1.00
ASP A0216 -1.00
ASP A0218 -1.00
LYS A0222  1.00
ASP A0225 -1.00
GLU A0232 -1.00
GLU A0233 -1.00
ASP A0234 -1.00
ARG A0237  1.00
ASP A0238 -1.00
ARG A0243  1.00
HIS A0247  0.10
LYS A0249  0.99
GLU A0255 -1.00
LYS A0256  1.00
ASP A0260 -1.00
ASP A0262 -1.00
GLU A0263 -0.99
LYS A0266  1.00
ASP A0267 -1.00
LYS A0271  1.00
CYS A0272  0.00
LYS A0279  1.00
ARG A0280  1.00
TYR A0284 -0.00
HIS A0289  0.00
TYR A0291  0.00

LQQ B0001  1.00
Tot Protn  -1.3
Tot Elec    0.0
Net crg    -1.3
