 ph         7.4
TYR A0003 -0.01
ASP A0004 -1.00
LYS A0005  1.00
GLU A0007 -0.97
GLU A0009 -1.00
ARG A0010  1.00
ASP A0012 -1.00
LYS A0016  1.00
HIS A0017  0.20
LYS A0018  1.00
TYR A0024 -0.00
GLU A0026 -1.00
TYR A0028 -0.00
GLU A0029 -1.00
LYS A0033  1.00
LYS A0034  1.00
TYR A0035 -0.01
LYS A0042  1.00
LYS A0045  1.00
GLU A0046 -1.00
ASP A0047 -1.00
GLU A0050 -1.00
GLU A0052 -1.00
GLU A0053 -1.00
LYS A0056  1.00
GLU A0057 -1.00
LYS A0062  1.00
GLU A0063 -1.00
LYS A0065  1.00
HIS A0066  0.00
CYS A0076 -0.00
ARG A0078  1.00
GLU A0079 -1.00
TYR A0083 -0.00
GLU A0087 -1.00
TYR A0091 -0.00
ASP A0096 -1.00
TYR A0097  0.00
ARG A0099  1.00
GLU A0100 -1.00
CYS A0101  0.00
ARG A0103  1.00
GLU A0105 -1.00
TYR A0113 -0.00
GLU A0123 -0.99
TYR A0124 -0.00
GLU A0126 -1.00
LYS A0127  1.00
LYS A0128  1.00
HIS A0132  0.00
ARG A0133  1.00
ASP A0134 -1.00
ARG A0138  1.00
CYS A0140  0.00
GLU A0144 -1.00
HIS A0146  0.10
LYS A0149  1.00
ASP A0152  0.00
ARG A0157  1.00
ASP A0162 -1.00
TYR A0164 -0.00
HIS A0167  0.26
LYS A0171  1.00
LYS A0175  1.00
GLU A0180 -1.00
TYR A0184 -0.00
LYS A0186  1.00
LYS A0190  1.00
ASP A0192 -0.00
GLU A0202 -1.00
TYR A0206  0.00
TYR A0211  0.00
ASP A0215 -1.00
TYR A0220 -0.00
GLU A0221 -1.00
GLU A0224 -0.99
LYS A0225  1.00
ASP A0226 -1.00
TYR A0227 -0.00
ARG A0228  1.00
GLU A0230 -1.00
ARG A0231  1.00
GLU A0233 -1.00
CYS A0235 -0.00
GLU A0237 -1.00
LYS A0238  1.00
TYR A0240  0.00
GLU A0241 -1.00
ARG A0244  1.00
CYS A0246  0.00
ASP A0253 -1.00
ARG A0254  1.00
GLU A0259 -1.00
HIS A0261  0.90
GLU A0265 -1.00
GLU A0270 -1.00

1N1 B0001  1.00
Tot Protn  -5.5
Tot Elec    0.0
Net crg    -5.1
