 ph         7.4
ASP A0005 -1.00
TYR A0011 -0.00
ASP A0012 -1.00
LYS A0013  1.00
GLU A0015 -0.99
GLU A0017 -1.00
ARG A0018  1.00
ASP A0020 -1.00
LYS A0024  1.00
HIS A0025  0.43
LYS A0026  1.00
TYR A0032  0.00
GLU A0034 -1.00
TYR A0036 -0.00
GLU A0037 -1.00
LYS A0041  1.00
LYS A0042  1.00
TYR A0043 -0.00
LYS A0050  0.93
LYS A0053  1.00
GLU A0054 -1.00
ASP A0055 -1.00
GLU A0058 -1.00
GLU A0060 -1.00
GLU A0061 -0.98
LYS A0064  1.00
GLU A0065 -0.90
LYS A0070  1.00
GLU A0071 -1.00
LYS A0073  1.00
HIS A0074  0.00
CYS A0084  0.00
ARG A0086  1.00
GLU A0087 -1.00
TYR A0091  0.00
GLU A0095 -1.00
TYR A0099 -0.00
ASP A0104 -1.00
TYR A0105 -0.00
ARG A0107  1.00
GLU A0108 -1.00
CYS A0109  0.00
ARG A0111  1.00
GLU A0113 -1.00
TYR A0121 -0.00
GLU A0131 -1.00
TYR A0132 -0.00
GLU A0134 -1.00
LYS A0135  1.00
LYS A0136  1.00
HIS A0140  0.00
ARG A0141  1.00
ASP A0142 -1.00
ARG A0146  1.00
CYS A0148  0.00
GLU A0152 -1.00
HIS A0154  0.11
LYS A0157  1.00
ASP A0160 -1.00
ARG A0165  1.00
ASP A0170 -1.00
PTR A0172 -2.00
HIS A0175  0.36
LYS A0179  1.00
LYS A0183  1.00
GLU A0188 -1.00
TYR A0192 -0.00
LYS A0194  1.00
LYS A0198  1.00
ASP A0200 -1.00
GLU A0210 -0.99
TYR A0214  0.00
TYR A0219  0.00
ASP A0223 -1.00
TYR A0228 -0.00
GLU A0229 -1.00
GLU A0232 -1.00
LYS A0233  1.00
ASP A0234 -1.00
TYR A0235 -0.00
ARG A0236  1.00
GLU A0238 -1.00
ARG A0239  1.00
GLU A0241 -1.00
CYS A0243  0.00
GLU A0245 -1.00
LYS A0246  1.00
TYR A0248  0.00
GLU A0249 -1.00
ARG A0252  1.00
CYS A0254  0.00
ASP A0261 -1.00
ARG A0262  1.00
GLU A0267 -1.00
HIS A0269  0.30
GLU A0273 -1.00
GLU A0278 -1.00

1N1 B0001  1.00
Tot Protn -10.7
Tot Elec    0.0
Net crg    -9.7
