 ph         7.4
ASP A0007 -1.00
TYR A0008 -0.00
TYR A0012  0.00
CYS A0013 -0.02
LYS A0017  1.00
ASP A0023 -1.00
LYS A0025  1.00
GLU A0026 -1.00
ARG A0029  1.00
LYS A0030  1.00
ARG A0036  1.00
HIS A0040  0.37
GLU A0045 -1.00
TYR A0047 -0.00
GLU A0048 -0.97
ASP A0057 -1.00
LYS A0066  1.00
GLU A0070 -1.00
CYS A0072  0.00
GLU A0074 -1.00
ASP A0076 -0.99
GLU A0077 -1.00
ASP A0079 -1.00
GLU A0083 -1.00
LYS A0089  1.00
HIS A0092  0.00
ARG A0097  1.00
CYS A0098  0.00
ARG A0108  1.00
GLU A0113 -1.00
ASP A0119 -1.00
LYS A0121  0.99
ARG A0125  1.00
GLU A0126 -1.00
ARG A0128  1.00
ARG A0130  1.00
ASP A0141 -1.00
HIS A0144  0.31
ARG A0147  1.00
ASP A0148 -0.88
CYS A0151 -0.00
CYS A0153  0.00
TYR A0155 -0.00
GLU A0157 -1.00
GLU A0158 -0.99
HIS A0160  0.51
HIS A0163  0.00
ARG A0164  1.00
ASP A0165 -1.00
ARG A0169  1.00
CYS A0171  0.00
CYS A0175 -0.01
ARG A0180  1.00
LYS A0183  1.00
ASP A0186 -1.00
ARG A0191  1.00
ASP A0192 -1.00
TYR A0194 -0.00
ARG A0195  1.00
TYR A0198 -0.00
TYR A0199 -0.03
ARG A0200  1.00
LYS A0201  1.00
CYS A0204  0.00
LYS A0210  0.99
GLU A0215 -1.00
GLU A0219 -1.00
LYS A0225  1.00
ASP A0227 -1.00
GLU A0237 -0.99
TYR A0243 -0.01
TYR A0246  0.00
LYS A0249  1.00
GLU A0253 -1.00
GLU A0256 -1.00
ARG A0263  1.00
ASP A0265 -1.00
LYS A0268  1.00
CYS A0270  0.00
TYR A0275  0.00
ARG A0276  1.00
CYS A0281  0.00
HIS A0284  0.00
GLU A0287 -1.00
ASP A0288 -1.00
ARG A0289  1.00
GLU A0297 -1.00
ARG A0298  1.00
GLU A0300 -1.00
TYR A0301 -0.00
CYS A0302  0.00
ASP A0305 -1.00
ASP A0307 -1.00
GLU A0316 -1.00
TYR A0317 -0.02

EMH B0001  1.00
Tot Protn  -4.7
Tot Elec    0.0
Net crg    -4.2
