 ph         7.4
TYR A0002 -0.00
ASP A0008 -0.97
ASP A0010 -1.00
GLU A0011 -0.97
ASP A0015 -1.00
GLU A0016 -1.00
HIS A0017  0.22
CYS A0018 -0.02
GLU A0019 -1.00
ARG A0020  1.00
TYR A0023  0.00
ASP A0024 -1.00
LYS A0027  1.00
GLU A0029 -1.00
ARG A0032  1.00
ASP A0033 -1.00
ARG A0034  1.00
LYS A0036  1.00
LYS A0039  1.00
ARG A0043  1.00
GLU A0051 -0.99
ASP A0053 -0.99
ASP A0058 -1.00
LYS A0059  1.00
CYS A0063 -0.02
ARG A0064  1.00
LYS A0069  0.67
LYS A0072  1.00
GLU A0073 -1.00
HIS A0077  0.03
GLU A0079 -1.00
HIS A0080  0.05
ARG A0081  1.00
GLU A0086 -0.67
LYS A0088  0.87
HIS A0092  0.01
HIS A0095  0.03
HIS A0096  0.00
CYS A0106  0.00
LYS A0108  1.00
GLU A0118 -1.00
CYS A0120  0.00
LYS A0121  1.00
TYR A0128 -0.00
ARG A0130  1.00
LYS A0132  1.00
ARG A0133  1.00
GLU A0135 -1.00
TYR A0139 -0.01
LYS A0140  1.00
GLU A0144 -1.00
ASP A0145 -1.00
TYR A0147 -0.01
LYS A0148  1.00
ASP A0149 -1.00
GLU A0154 -1.00
HIS A0155  0.00
CYS A0158 -0.00
TYR A0159  0.00
LYS A0165  1.00
GLU A0168 -0.99
ARG A0173  1.00
LYS A0174  1.00
CYS A0175  0.00
HIS A0177  0.00
ARG A0178  1.00
ASP A0179 -0.99
ARG A0183  1.00
GLU A0189 -1.00
LYS A0190  1.00
LYS A0194  1.00
CYS A0196  0.00
ASP A0197 -1.00
ARG A0202  1.00
ASP A0203 -1.00
TYR A0205 -0.02
LYS A0206  1.00
ASP A0207 -1.00
ASP A0209 -1.00
TYR A0210  0.00
ARG A0212  1.00
LYS A0213  0.98
ASP A0215 -1.00
ARG A0217  1.00
LYS A0221  1.00
GLU A0226 -1.00
ASP A0230 -1.00
ARG A0231  1.00
TYR A0233 -0.00
ASP A0238 -0.00
GLU A0248 -0.99
TYR A0257  0.00
LYS A0261  1.00
ASP A0263 -1.00
GLU A0264 -1.00
GLU A0265 -1.00
CYS A0267 -0.00
ARG A0268  1.00
ARG A0269  1.00
LYS A0271  1.00
GLU A0272 -1.00
ARG A0275  1.00
ARG A0277  1.00
ASP A0280 -1.00
TYR A0281 -0.00
GLU A0285 -1.00
TYR A0287  0.00
ASP A0292 -0.99
CYS A0293  0.00
HIS A0295  0.00
GLU A0297 -1.00
ARG A0301  1.00
GLU A0306 -0.99
GLU A0309 -1.00
HIS A0310  0.29

AXI B0001  1.00
Tot Protn  -0.5
Tot Elec    0.0
Net crg    -0.5
