 ph         7.4
ASP A0002 -1.00
ASP A0004 -1.00
GLU A0005 -1.00
ASP A0009 -0.99
GLU A0010 -1.00
HIS A0011  0.27
CYS A0012 -0.00
GLU A0013 -1.00
ARG A0014  1.00
TYR A0017  0.00
ASP A0018 -1.00
LYS A0021  1.00
GLU A0023 -1.00
ARG A0026  1.00
ASP A0027 -1.00
ARG A0028  1.00
LYS A0030  1.00
LYS A0033  1.00
ARG A0037  1.00
GLU A0045 -1.00
ASP A0047 -1.00
ASP A0052 -1.00
LYS A0053  1.00
CYS A0057 -0.04
ARG A0058  1.00
LYS A0063  0.81
LYS A0066  0.99
GLU A0067 -1.00
HIS A0071  0.29
GLU A0073 -1.00
HIS A0074  0.03
ARG A0075  1.00
GLU A0080 -0.63
LYS A0082  1.00
HIS A0086  0.02
HIS A0089  0.30
HIS A0090  0.00
CYS A0100  0.00
LYS A0102  1.00
GLU A0112 -1.00
CYS A0114  0.00
LYS A0115  1.00
TYR A0122 -0.00
ARG A0124  1.00
LYS A0126  1.00
ARG A0127  1.00
GLU A0129 -1.00
TYR A0133 -0.00
LYS A0134  1.00
GLU A0138 -1.00
ASP A0139 -1.00
TYR A0141 -0.00
LYS A0142  1.00
ASP A0143 -1.00
GLU A0148 -1.00
HIS A0149  0.01
CYS A0152 -0.01
TYR A0153  0.00
LYS A0159  1.00
GLU A0162 -1.00
ARG A0167  1.00
LYS A0168  1.00
CYS A0169  0.00
HIS A0171  0.01
ARG A0172  1.00
ASP A0173 -1.00
ARG A0177  1.00
GLU A0183 -1.00
LYS A0184  1.00
LYS A0188  1.00
CYS A0190  0.00
ASP A0191 -0.93
ARG A0196  1.00
ASP A0197 -1.00
TYR A0199 -0.00
LYS A0200  1.00
ASP A0201 -1.00
ASP A0203 -1.00
TYR A0204  0.00
ARG A0206  1.00
LYS A0207  1.00
ASP A0209 -1.00
ARG A0211  1.00
LYS A0215  1.00
GLU A0220 -1.00
ASP A0224 -1.00
ARG A0225  1.00
TYR A0227  0.00
ASP A0232 -1.00
GLU A0242 -0.98
TYR A0251  0.00
LYS A0255  1.00
ASP A0257 -1.00
GLU A0258 -1.00
GLU A0259 -1.00
CYS A0261  0.00
ARG A0262  1.00
ARG A0263  1.00
LYS A0265  1.00
GLU A0266 -1.00
ARG A0269  1.00
ARG A0271  1.00
ASP A0274 -1.00
TYR A0275 -0.00
GLU A0279 -1.00
TYR A0281  0.00
ASP A0286 -0.99
CYS A0287  0.00
HIS A0289  0.02
GLU A0291 -1.00
ARG A0295  1.00
GLU A0300 -1.00
GLU A0303 -1.00
HIS A0304  0.52

BAX B0001  1.00
Tot Protn  -0.3
Tot Elec    0.0
Net crg    -0.3
