 ph         7.4
HIS A0002  0.11
CYS A0003 -0.00
GLU A0004 -1.00
ARG A0005  1.00
TYR A0008  0.00
ASP A0009 -1.00
LYS A0012  1.00
GLU A0014 -1.00
ARG A0017  1.00
ASP A0018 -1.00
ARG A0019  1.00
LYS A0021  1.00
LYS A0024  1.00
ARG A0028  1.00
GLU A0036 -1.00
ASP A0038 -1.00
ASP A0043 -1.00
LYS A0044  0.99
CYS A0048 -0.05
ARG A0049  1.00
LYS A0054  1.00
LYS A0057  1.00
GLU A0058 -1.00
HIS A0062  0.03
GLU A0064 -1.00
HIS A0065  0.02
ARG A0066  1.00
GLU A0071 -1.00
LYS A0073  1.00
HIS A0077  0.03
HIS A0080  0.16
HIS A0081  0.00
CYS A0091  0.00
LYS A0093  1.00
GLU A0103 -1.00
CYS A0105  0.00
LYS A0106  1.00
TYR A0113 -0.00
ARG A0115  1.00
LYS A0117  1.00
ARG A0118  1.00
GLU A0120 -1.00
TYR A0124 -0.00
LYS A0125  1.00
GLU A0129 -1.00
ASP A0130 -1.00
TYR A0132 -0.00
LYS A0133  1.00
ASP A0134 -1.00
GLU A0139 -0.99
HIS A0140  0.00
CYS A0143 -0.00
TYR A0144  0.00
LYS A0150  1.00
GLU A0153 -0.99
ARG A0158  1.00
LYS A0159  1.00
CYS A0160 -0.00
HIS A0162  0.00
ARG A0163  1.00
ASP A0164 -0.95
ARG A0168  1.00
GLU A0174 -1.00
LYS A0175  1.00
LYS A0179  1.00
CYS A0181 -0.00
ASP A0182 -1.00
ARG A0187  1.00
ASP A0188 -1.00
TYR A0190 -0.10
LYS A0191  1.00
ASP A0192 -1.00
ASP A0194 -1.00
TYR A0195  0.00
ARG A0197  1.00
LYS A0198  0.99
ASP A0200 -1.00
ARG A0202  1.00
LYS A0206  0.99
GLU A0211 -1.00
ASP A0215 -1.00
ARG A0216  1.00
TYR A0218 -0.00
ASP A0223 -1.00
GLU A0233 -0.99
TYR A0242  0.00
LYS A0246  1.00
ASP A0248 -1.00
GLU A0249 -1.00
GLU A0250 -1.00
CYS A0252 -0.00
ARG A0253  1.00
ARG A0254  1.00
LYS A0256  1.00
GLU A0257 -1.00
ARG A0260  1.00
ARG A0262  1.00
ASP A0265 -1.00
TYR A0266 -0.00
GLU A0270 -1.00
TYR A0272  0.00
ASP A0277 -0.99
CYS A0278  0.00
HIS A0280  0.00
GLU A0282 -0.99
ARG A0286  1.00
GLU A0291 -1.00
GLU A0294 -1.00
HIS A0295  0.44

Tot Protn   3.7
Tot Elec    0.0
Net crg     3.7
